10-16 10:44:46.067 [INFO ] [StartupInfoLogger.java]logStarting(55) Starting ExcelLoaderApplication on DESKTOP-CD6MIRJ with PID 23088 (C:\Users\user\IdeaProjects\wendyProject\excel-loader\build\classes\java\main started by user in C:\Users\user\IdeaProjects\wendyProject\excel-loader)
10-16 10:44:46.076 [INFO ] [SpringApplication.java]logStartupProfileInfo(651) No active profile set, falling back to default profiles: default
10-16 10:44:46.873 [INFO ] [TomcatWebServer.java]initialize(108) Tomcat initialized with port(s): 8080 (http)
10-16 10:44:46.883 [INFO ] [DirectJDKLog.java]log(173) Initializing ProtocolHandler ["http-nio-8080"]
10-16 10:44:46.883 [INFO ] [DirectJDKLog.java]log(173) Starting service [Tomcat]
10-16 10:44:46.884 [INFO ] [DirectJDKLog.java]log(173) Starting Servlet engine: [Apache Tomcat/9.0.38]
10-16 10:44:46.989 [INFO ] [DirectJDKLog.java]log(173) Initializing Spring embedded WebApplicationContext
10-16 10:44:46.989 [INFO ] [ServletWebServerApplicationContext.java]prepareWebApplicationContext(285) Root WebApplicationContext: initialization completed in 867 ms
10-16 10:44:47.142 [INFO ] [ExecutorConfigurationSupport.java]initialize(181) Initializing ExecutorService 'applicationTaskExecutor'
10-16 10:44:47.192 [INFO ] [WelcomePageHandlerMapping.java]<init>(54) Adding welcome page: class path resource [static/index.html]
10-16 10:44:47.253 [INFO ] [DirectJDKLog.java]log(173) Starting ProtocolHandler ["http-nio-8080"]
10-16 10:44:47.263 [WARN ] [AbstractApplicationContext.java]refresh(559) Exception encountered during context initialization - cancelling refresh attempt: org.springframework.context.ApplicationContextException: Failed to start bean 'webServerStartStop'; nested exception is org.springframework.boot.web.server.PortInUseException: Port 8080 is already in use
10-16 10:44:47.264 [INFO ] [ExecutorConfigurationSupport.java]shutdown(218) Shutting down ExecutorService 'applicationTaskExecutor'
10-16 10:44:47.266 [INFO ] [DirectJDKLog.java]log(173) Pausing ProtocolHandler ["http-nio-8080"]
10-16 10:44:47.267 [INFO ] [DirectJDKLog.java]log(173) Stopping service [Tomcat]
10-16 10:44:47.272 [INFO ] [DirectJDKLog.java]log(173) Stopping ProtocolHandler ["http-nio-8080"]
10-16 10:44:47.272 [INFO ] [DirectJDKLog.java]log(173) Destroying ProtocolHandler ["http-nio-8080"]
10-16 10:44:47.278 [INFO ] [ConditionEvaluationReportLoggingListener.java]logMessage(136) 

Error starting ApplicationContext. To display the conditions report re-run your application with 'debug' enabled.
10-16 10:44:47.285 [ERROR] [LoggingFailureAnalysisReporter.java]report(40) 

***************************
APPLICATION FAILED TO START
***************************

Description:

Web server failed to start. Port 8080 was already in use.

Action:

Identify and stop the process that's listening on port 8080 or configure this application to listen on another port.

10-16 10:45:27.021 [INFO ] [StartupInfoLogger.java]logStarting(55) Starting ExcelLoaderApplication on DESKTOP-CD6MIRJ with PID 3132 (C:\Users\user\IdeaProjects\wendyProject\excel-loader\build\classes\java\main started by user in C:\Users\user\IdeaProjects\wendyProject\excel-loader)
10-16 10:45:27.024 [INFO ] [SpringApplication.java]logStartupProfileInfo(651) No active profile set, falling back to default profiles: default
10-16 10:45:27.768 [INFO ] [TomcatWebServer.java]initialize(108) Tomcat initialized with port(s): 8080 (http)
10-16 10:45:27.776 [INFO ] [DirectJDKLog.java]log(173) Initializing ProtocolHandler ["http-nio-8080"]
10-16 10:45:27.777 [INFO ] [DirectJDKLog.java]log(173) Starting service [Tomcat]
10-16 10:45:27.777 [INFO ] [DirectJDKLog.java]log(173) Starting Servlet engine: [Apache Tomcat/9.0.38]
10-16 10:45:27.876 [INFO ] [DirectJDKLog.java]log(173) Initializing Spring embedded WebApplicationContext
10-16 10:45:27.876 [INFO ] [ServletWebServerApplicationContext.java]prepareWebApplicationContext(285) Root WebApplicationContext: initialization completed in 816 ms
10-16 10:45:28.014 [INFO ] [ExecutorConfigurationSupport.java]initialize(181) Initializing ExecutorService 'applicationTaskExecutor'
10-16 10:45:28.063 [INFO ] [WelcomePageHandlerMapping.java]<init>(54) Adding welcome page: class path resource [static/index.html]
10-16 10:45:28.122 [INFO ] [DirectJDKLog.java]log(173) Starting ProtocolHandler ["http-nio-8080"]
10-16 10:45:28.147 [INFO ] [TomcatWebServer.java]start(220) Tomcat started on port(s): 8080 (http) with context path ''
10-16 10:45:28.157 [INFO ] [StartupInfoLogger.java]logStarted(61) Started ExcelLoaderApplication in 1.535 seconds (JVM running for 2.96)
10-16 10:45:47.334 [INFO ] [DirectJDKLog.java]log(173) Initializing Spring DispatcherServlet 'dispatcherServlet'
10-16 10:45:47.335 [INFO ] [FrameworkServlet.java]initServletBean(525) Initializing Servlet 'dispatcherServlet'
10-16 10:45:47.341 [INFO ] [FrameworkServlet.java]initServletBean(547) Completed initialization in 5 ms
10-16 14:13:39.148 [INFO ] [StartupInfoLogger.java]logStarting(55) Starting ExcelLoaderApplication on DESKTOP-CD6MIRJ with PID 15464 (C:\Users\user\IdeaProjects\wendyProject\excel-loader\build\classes\java\main started by user in C:\Users\user\IdeaProjects\wendyProject\excel-loader)
10-16 14:13:39.151 [INFO ] [SpringApplication.java]logStartupProfileInfo(651) No active profile set, falling back to default profiles: default
10-16 14:13:39.897 [INFO ] [TomcatWebServer.java]initialize(108) Tomcat initialized with port(s): 8080 (http)
10-16 14:13:39.907 [INFO ] [DirectJDKLog.java]log(173) Initializing ProtocolHandler ["http-nio-8080"]
10-16 14:13:39.908 [INFO ] [DirectJDKLog.java]log(173) Starting service [Tomcat]
10-16 14:13:39.908 [INFO ] [DirectJDKLog.java]log(173) Starting Servlet engine: [Apache Tomcat/9.0.38]
10-16 14:13:40.010 [INFO ] [DirectJDKLog.java]log(173) Initializing Spring embedded WebApplicationContext
10-16 14:13:40.010 [INFO ] [ServletWebServerApplicationContext.java]prepareWebApplicationContext(285) Root WebApplicationContext: initialization completed in 822 ms
10-16 14:13:40.148 [INFO ] [ExecutorConfigurationSupport.java]initialize(181) Initializing ExecutorService 'applicationTaskExecutor'
10-16 14:13:40.203 [INFO ] [WelcomePageHandlerMapping.java]<init>(54) Adding welcome page: class path resource [static/index.html]
10-16 14:13:40.263 [INFO ] [DirectJDKLog.java]log(173) Starting ProtocolHandler ["http-nio-8080"]
10-16 14:13:40.283 [INFO ] [TomcatWebServer.java]start(220) Tomcat started on port(s): 8080 (http) with context path ''
10-16 14:13:40.292 [INFO ] [StartupInfoLogger.java]logStarted(61) Started ExcelLoaderApplication in 1.588 seconds (JVM running for 3.166)
10-16 14:14:03.246 [INFO ] [DirectJDKLog.java]log(173) Initializing Spring DispatcherServlet 'dispatcherServlet'
10-16 14:14:03.248 [INFO ] [FrameworkServlet.java]initServletBean(525) Initializing Servlet 'dispatcherServlet'
10-16 14:14:03.254 [INFO ] [FrameworkServlet.java]initServletBean(547) Completed initialization in 6 ms
10-16 14:22:36.219 [INFO ] [StartupInfoLogger.java]logStarting(55) Starting ExcelLoaderApplication on DESKTOP-CD6MIRJ with PID 23372 (C:\Users\user\IdeaProjects\wendyProject\excel-loader\build\classes\java\main started by user in C:\Users\user\IdeaProjects\wendyProject\excel-loader)
10-16 14:22:36.227 [INFO ] [SpringApplication.java]logStartupProfileInfo(651) No active profile set, falling back to default profiles: default
10-16 14:22:37.099 [INFO ] [TomcatWebServer.java]initialize(108) Tomcat initialized with port(s): 8080 (http)
10-16 14:22:37.108 [INFO ] [DirectJDKLog.java]log(173) Initializing ProtocolHandler ["http-nio-8080"]
10-16 14:22:37.109 [INFO ] [DirectJDKLog.java]log(173) Starting service [Tomcat]
10-16 14:22:37.109 [INFO ] [DirectJDKLog.java]log(173) Starting Servlet engine: [Apache Tomcat/9.0.38]
10-16 14:22:37.224 [INFO ] [DirectJDKLog.java]log(173) Initializing Spring embedded WebApplicationContext
10-16 14:22:37.225 [INFO ] [ServletWebServerApplicationContext.java]prepareWebApplicationContext(285) Root WebApplicationContext: initialization completed in 925 ms
10-16 14:22:37.364 [INFO ] [ExecutorConfigurationSupport.java]initialize(181) Initializing ExecutorService 'applicationTaskExecutor'
10-16 14:22:37.415 [INFO ] [WelcomePageHandlerMapping.java]<init>(54) Adding welcome page: class path resource [static/index.html]
10-16 14:22:37.474 [INFO ] [DirectJDKLog.java]log(173) Starting ProtocolHandler ["http-nio-8080"]
10-16 14:22:37.493 [INFO ] [TomcatWebServer.java]start(220) Tomcat started on port(s): 8080 (http) with context path ''
10-16 14:22:37.503 [INFO ] [StartupInfoLogger.java]logStarted(61) Started ExcelLoaderApplication in 1.925 seconds (JVM running for 3.566)
10-16 14:22:42.651 [INFO ] [DirectJDKLog.java]log(173) Initializing Spring DispatcherServlet 'dispatcherServlet'
10-16 14:22:42.653 [INFO ] [FrameworkServlet.java]initServletBean(525) Initializing Servlet 'dispatcherServlet'
10-16 14:22:42.661 [INFO ] [FrameworkServlet.java]initServletBean(547) Completed initialization in 8 ms
10-18 14:51:21.558 [INFO ] [StartupInfoLogger.java]logStarting(55) Starting ExcelLoaderApplication on DESKTOP-4A748NM with PID 16620 (C:\Users\Minee\IntelliJIDEAProjects\wendyProject\excel-loader\out\production\classes started by Minee in C:\Users\Minee\IntelliJIDEAProjects\wendyProject\excel-loader)
10-18 14:51:21.558 [INFO ] [SpringApplication.java]logStartupProfileInfo(651) No active profile set, falling back to default profiles: default
10-18 14:51:22.566 [INFO ] [TomcatWebServer.java]initialize(108) Tomcat initialized with port(s): 8080 (http)
10-18 14:51:22.579 [INFO ] [DirectJDKLog.java]log(173) Initializing ProtocolHandler ["http-nio-8080"]
10-18 14:51:22.581 [INFO ] [DirectJDKLog.java]log(173) Starting service [Tomcat]
10-18 14:51:22.581 [INFO ] [DirectJDKLog.java]log(173) Starting Servlet engine: [Apache Tomcat/9.0.38]
10-18 14:51:22.725 [INFO ] [DirectJDKLog.java]log(173) Initializing Spring embedded WebApplicationContext
10-18 14:51:22.726 [INFO ] [ServletWebServerApplicationContext.java]prepareWebApplicationContext(285) Root WebApplicationContext: initialization completed in 1095 ms
10-18 14:51:22.948 [INFO ] [ExecutorConfigurationSupport.java]initialize(181) Initializing ExecutorService 'applicationTaskExecutor'
10-18 14:51:23.030 [INFO ] [WelcomePageHandlerMapping.java]<init>(54) Adding welcome page: class path resource [static/index.html]
10-18 14:51:23.130 [INFO ] [DirectJDKLog.java]log(173) Starting ProtocolHandler ["http-nio-8080"]
10-18 14:51:23.141 [WARN ] [AbstractApplicationContext.java]refresh(559) Exception encountered during context initialization - cancelling refresh attempt: org.springframework.context.ApplicationContextException: Failed to start bean 'webServerStartStop'; nested exception is org.springframework.boot.web.server.PortInUseException: Port 8080 is already in use
10-18 14:51:23.142 [INFO ] [ExecutorConfigurationSupport.java]shutdown(218) Shutting down ExecutorService 'applicationTaskExecutor'
10-18 14:51:23.147 [INFO ] [DirectJDKLog.java]log(173) Pausing ProtocolHandler ["http-nio-8080"]
10-18 14:51:23.147 [INFO ] [DirectJDKLog.java]log(173) Stopping service [Tomcat]
10-18 14:51:23.154 [INFO ] [DirectJDKLog.java]log(173) Stopping ProtocolHandler ["http-nio-8080"]
10-18 14:51:23.155 [INFO ] [DirectJDKLog.java]log(173) Destroying ProtocolHandler ["http-nio-8080"]
10-18 14:51:23.163 [INFO ] [ConditionEvaluationReportLoggingListener.java]logMessage(136) 

Error starting ApplicationContext. To display the conditions report re-run your application with 'debug' enabled.
10-18 14:51:23.176 [ERROR] [LoggingFailureAnalysisReporter.java]report(40) 

***************************
APPLICATION FAILED TO START
***************************

Description:

Web server failed to start. Port 8080 was already in use.

Action:

Identify and stop the process that's listening on port 8080 or configure this application to listen on another port.

10-18 14:52:17.572 [INFO ] [StartupInfoLogger.java]logStarting(55) Starting ExcelLoaderApplication on DESKTOP-4A748NM with PID 20068 (C:\Users\Minee\IntelliJIDEAProjects\wendyProject\excel-loader\out\production\classes started by Minee in C:\Users\Minee\IntelliJIDEAProjects\wendyProject\excel-loader)
10-18 14:52:17.572 [INFO ] [SpringApplication.java]logStartupProfileInfo(651) No active profile set, falling back to default profiles: default
10-18 14:52:19.120 [INFO ] [TomcatWebServer.java]initialize(108) Tomcat initialized with port(s): 8080 (http)
10-18 14:52:19.135 [INFO ] [DirectJDKLog.java]log(173) Initializing ProtocolHandler ["http-nio-8080"]
10-18 14:52:19.135 [INFO ] [DirectJDKLog.java]log(173) Starting service [Tomcat]
10-18 14:52:19.135 [INFO ] [DirectJDKLog.java]log(173) Starting Servlet engine: [Apache Tomcat/9.0.38]
10-18 14:52:19.305 [INFO ] [DirectJDKLog.java]log(173) Initializing Spring embedded WebApplicationContext
10-18 14:52:19.305 [INFO ] [ServletWebServerApplicationContext.java]prepareWebApplicationContext(285) Root WebApplicationContext: initialization completed in 1633 ms
10-18 14:52:19.543 [INFO ] [ExecutorConfigurationSupport.java]initialize(181) Initializing ExecutorService 'applicationTaskExecutor'
10-18 14:52:19.627 [INFO ] [WelcomePageHandlerMapping.java]<init>(54) Adding welcome page: class path resource [static/index.html]
10-18 14:52:19.721 [INFO ] [DirectJDKLog.java]log(173) Starting ProtocolHandler ["http-nio-8080"]
10-18 14:52:19.752 [INFO ] [TomcatWebServer.java]start(220) Tomcat started on port(s): 8080 (http) with context path ''
10-18 14:52:19.768 [INFO ] [StartupInfoLogger.java]logStarted(61) Started ExcelLoaderApplication in 3.155 seconds (JVM running for 5.894)
10-18 14:52:41.745 [INFO ] [DirectJDKLog.java]log(173) Initializing Spring DispatcherServlet 'dispatcherServlet'
10-18 14:52:41.746 [INFO ] [FrameworkServlet.java]initServletBean(525) Initializing Servlet 'dispatcherServlet'
10-18 14:52:41.753 [INFO ] [FrameworkServlet.java]initServletBean(547) Completed initialization in 7 ms
10-18 14:54:28.406 [INFO ] [StartupInfoLogger.java]logStarting(55) Starting ExcelLoaderApplication on DESKTOP-4A748NM with PID 17752 (C:\Users\Minee\IntelliJIDEAProjects\wendyProject\excel-loader\out\production\classes started by Minee in C:\Users\Minee\IntelliJIDEAProjects\wendyProject\excel-loader)
10-18 14:54:28.406 [INFO ] [SpringApplication.java]logStartupProfileInfo(651) No active profile set, falling back to default profiles: default
10-18 14:54:29.472 [INFO ] [TomcatWebServer.java]initialize(108) Tomcat initialized with port(s): 8080 (http)
10-18 14:54:29.472 [INFO ] [DirectJDKLog.java]log(173) Initializing ProtocolHandler ["http-nio-8080"]
10-18 14:54:29.472 [INFO ] [DirectJDKLog.java]log(173) Starting service [Tomcat]
10-18 14:54:29.472 [INFO ] [DirectJDKLog.java]log(173) Starting Servlet engine: [Apache Tomcat/9.0.38]
10-18 14:54:29.616 [INFO ] [DirectJDKLog.java]log(173) Initializing Spring embedded WebApplicationContext
10-18 14:54:29.616 [INFO ] [ServletWebServerApplicationContext.java]prepareWebApplicationContext(285) Root WebApplicationContext: initialization completed in 1140 ms
10-18 14:54:29.794 [INFO ] [ExecutorConfigurationSupport.java]initialize(181) Initializing ExecutorService 'applicationTaskExecutor'
10-18 14:54:29.847 [INFO ] [WelcomePageHandlerMapping.java]<init>(54) Adding welcome page: class path resource [static/index.html]
10-18 14:54:29.932 [INFO ] [DirectJDKLog.java]log(173) Starting ProtocolHandler ["http-nio-8080"]
10-18 14:54:29.948 [INFO ] [TomcatWebServer.java]start(220) Tomcat started on port(s): 8080 (http) with context path ''
10-18 14:54:29.963 [INFO ] [StartupInfoLogger.java]logStarted(61) Started ExcelLoaderApplication in 2.235 seconds (JVM running for 4.021)
10-18 14:54:34.459 [INFO ] [DirectJDKLog.java]log(173) Initializing Spring DispatcherServlet 'dispatcherServlet'
10-18 14:54:34.460 [INFO ] [FrameworkServlet.java]initServletBean(525) Initializing Servlet 'dispatcherServlet'
10-18 14:54:34.465 [INFO ] [FrameworkServlet.java]initServletBean(547) Completed initialization in 5 ms
10-18 15:14:38.977 [INFO ] [StartupInfoLogger.java]logStarting(55) Starting ExcelLoaderApplication on DESKTOP-4A748NM with PID 18452 (C:\Users\Minee\IntelliJIDEAProjects\wendyProject\excel-loader\out\production\classes started by Minee in C:\Users\Minee\IntelliJIDEAProjects\wendyProject\excel-loader)
10-18 15:14:38.987 [INFO ] [SpringApplication.java]logStartupProfileInfo(651) No active profile set, falling back to default profiles: default
10-18 15:14:41.389 [INFO ] [TomcatWebServer.java]initialize(108) Tomcat initialized with port(s): 8080 (http)
10-18 15:14:41.399 [INFO ] [DirectJDKLog.java]log(173) Initializing ProtocolHandler ["http-nio-8080"]
10-18 15:14:41.399 [INFO ] [DirectJDKLog.java]log(173) Starting service [Tomcat]
10-18 15:14:41.399 [INFO ] [DirectJDKLog.java]log(173) Starting Servlet engine: [Apache Tomcat/9.0.38]
10-18 15:14:41.613 [INFO ] [DirectJDKLog.java]log(173) Initializing Spring embedded WebApplicationContext
10-18 15:14:41.613 [INFO ] [ServletWebServerApplicationContext.java]prepareWebApplicationContext(285) Root WebApplicationContext: initialization completed in 2425 ms
10-18 15:14:41.876 [INFO ] [ExecutorConfigurationSupport.java]initialize(181) Initializing ExecutorService 'applicationTaskExecutor'
10-18 15:14:41.977 [INFO ] [WelcomePageHandlerMapping.java]<init>(54) Adding welcome page: class path resource [static/index.html]
10-18 15:14:42.099 [INFO ] [DirectJDKLog.java]log(173) Starting ProtocolHandler ["http-nio-8080"]
10-18 15:14:42.161 [INFO ] [TomcatWebServer.java]start(220) Tomcat started on port(s): 8080 (http) with context path ''
10-18 15:14:42.206 [INFO ] [StartupInfoLogger.java]logStarted(61) Started ExcelLoaderApplication in 4.493 seconds (JVM running for 7.291)
10-18 15:15:00.610 [INFO ] [DirectJDKLog.java]log(173) Initializing Spring DispatcherServlet 'dispatcherServlet'
10-18 15:15:00.611 [INFO ] [FrameworkServlet.java]initServletBean(525) Initializing Servlet 'dispatcherServlet'
10-18 15:15:00.618 [INFO ] [FrameworkServlet.java]initServletBean(547) Completed initialization in 7 ms
10-18 15:15:03.908 [WARN ] [Interpreter.java]unknownVariable(329) ![0,13]: 'alarmHostList;' undefined variable alarmHostList
10-18 15:15:03.910 [WARN ] [Interpreter.java]unknownVariable(329) ![0,13]: 'alarmHostList;' undefined variable alarmHostList
10-18 15:15:03.946 [ERROR] [DirectJDKLog.java]log(175) Servlet.service() for servlet [dispatcherServlet] in context with path [] threw exception [Request processing failed; nested exception is java.lang.RuntimeException: Can't parse an expression alarmHostList] with root cause
java.lang.NullPointerException: null
	at net.sf.jxls.tag.ForEachTag.parseItemsProperty(ForEachTag.java:135)
	at net.sf.jxls.tag.ForEachTag.init(ForEachTag.java:101)
	at net.sf.jxls.parser.CellParser.parseTag(CellParser.java:300)
	at net.sf.jxls.parser.CellParser.parseCellValue(CellParser.java:202)
	at net.sf.jxls.parser.CellParser.parseCell(CellParser.java:56)
	at net.sf.jxls.transformer.SheetTransformer.parseCells(SheetTransformer.java:204)
	at net.sf.jxls.transformer.SheetTransformer.parseRow(SheetTransformer.java:275)
	at net.sf.jxls.transformer.SheetTransformer.transformSheet(SheetTransformer.java:80)
	at net.sf.jxls.transformer.XLSTransformer.transformWorkbook(XLSTransformer.java:248)
	at net.sf.jxls.transformer.XLSTransformer.transformXLS(XLSTransformer.java:221)
	at net.sf.jxls.transformer.XLSTransformer.transformXLS(XLSTransformer.java:201)
	at com.wendy.excelloader.service.ExcelServiceImpl.createExcel(ExcelServiceImpl.java:31)
	at com.wendy.excelloader.controller.ExcelController.createExcel(ExcelController.java:21)
	at sun.reflect.NativeMethodAccessorImpl.invoke0(Native Method)
	at sun.reflect.NativeMethodAccessorImpl.invoke(NativeMethodAccessorImpl.java:62)
	at sun.reflect.DelegatingMethodAccessorImpl.invoke(DelegatingMethodAccessorImpl.java:43)
	at java.lang.reflect.Method.invoke(Method.java:498)
	at org.springframework.web.method.support.InvocableHandlerMethod.doInvoke(InvocableHandlerMethod.java:190)
	at org.springframework.web.method.support.InvocableHandlerMethod.invokeForRequest(InvocableHandlerMethod.java:138)
	at org.springframework.web.servlet.mvc.method.annotation.ServletInvocableHandlerMethod.invokeAndHandle(ServletInvocableHandlerMethod.java:105)
	at org.springframework.web.servlet.mvc.method.annotation.RequestMappingHandlerAdapter.invokeHandlerMethod(RequestMappingHandlerAdapter.java:878)
	at org.springframework.web.servlet.mvc.method.annotation.RequestMappingHandlerAdapter.handleInternal(RequestMappingHandlerAdapter.java:792)
	at org.springframework.web.servlet.mvc.method.AbstractHandlerMethodAdapter.handle(AbstractHandlerMethodAdapter.java:87)
	at org.springframework.web.servlet.DispatcherServlet.doDispatch(DispatcherServlet.java:1040)
	at org.springframework.web.servlet.DispatcherServlet.doService(DispatcherServlet.java:943)
	at org.springframework.web.servlet.FrameworkServlet.processRequest(FrameworkServlet.java:1006)
	at org.springframework.web.servlet.FrameworkServlet.doGet(FrameworkServlet.java:898)
	at javax.servlet.http.HttpServlet.service(HttpServlet.java:626)
	at org.springframework.web.servlet.FrameworkServlet.service(FrameworkServlet.java:883)
	at javax.servlet.http.HttpServlet.service(HttpServlet.java:733)
	at org.apache.catalina.core.ApplicationFilterChain.internalDoFilter(ApplicationFilterChain.java:231)
	at org.apache.catalina.core.ApplicationFilterChain.doFilter(ApplicationFilterChain.java:166)
	at org.apache.tomcat.websocket.server.WsFilter.doFilter(WsFilter.java:53)
	at org.apache.catalina.core.ApplicationFilterChain.internalDoFilter(ApplicationFilterChain.java:193)
	at org.apache.catalina.core.ApplicationFilterChain.doFilter(ApplicationFilterChain.java:166)
	at org.springframework.web.filter.RequestContextFilter.doFilterInternal(RequestContextFilter.java:100)
	at org.springframework.web.filter.OncePerRequestFilter.doFilter(OncePerRequestFilter.java:119)
	at org.apache.catalina.core.ApplicationFilterChain.internalDoFilter(ApplicationFilterChain.java:193)
	at org.apache.catalina.core.ApplicationFilterChain.doFilter(ApplicationFilterChain.java:166)
	at org.springframework.web.filter.FormContentFilter.doFilterInternal(FormContentFilter.java:93)
	at org.springframework.web.filter.OncePerRequestFilter.doFilter(OncePerRequestFilter.java:119)
	at org.apache.catalina.core.ApplicationFilterChain.internalDoFilter(ApplicationFilterChain.java:193)
	at org.apache.catalina.core.ApplicationFilterChain.doFilter(ApplicationFilterChain.java:166)
	at org.springframework.web.filter.CharacterEncodingFilter.doFilterInternal(CharacterEncodingFilter.java:201)
	at org.springframework.web.filter.OncePerRequestFilter.doFilter(OncePerRequestFilter.java:119)
	at org.apache.catalina.core.ApplicationFilterChain.internalDoFilter(ApplicationFilterChain.java:193)
	at org.apache.catalina.core.ApplicationFilterChain.doFilter(ApplicationFilterChain.java:166)
	at org.apache.catalina.core.StandardWrapperValve.invoke(StandardWrapperValve.java:202)
	at org.apache.catalina.core.StandardContextValve.invoke(StandardContextValve.java:97)
	at org.apache.catalina.authenticator.AuthenticatorBase.invoke(AuthenticatorBase.java:541)
	at org.apache.catalina.core.StandardHostValve.invoke(StandardHostValve.java:143)
	at org.apache.catalina.valves.ErrorReportValve.invoke(ErrorReportValve.java:92)
	at org.apache.catalina.core.StandardEngineValve.invoke(StandardEngineValve.java:78)
	at org.apache.catalina.connector.CoyoteAdapter.service(CoyoteAdapter.java:343)
	at org.apache.coyote.http11.Http11Processor.service(Http11Processor.java:374)
	at org.apache.coyote.AbstractProcessorLight.process(AbstractProcessorLight.java:65)
	at org.apache.coyote.AbstractProtocol$ConnectionHandler.process(AbstractProtocol.java:868)
	at org.apache.tomcat.util.net.NioEndpoint$SocketProcessor.doRun(NioEndpoint.java:1590)
	at org.apache.tomcat.util.net.SocketProcessorBase.run(SocketProcessorBase.java:49)
	at java.util.concurrent.ThreadPoolExecutor.runWorker(ThreadPoolExecutor.java:1149)
	at java.util.concurrent.ThreadPoolExecutor$Worker.run(ThreadPoolExecutor.java:624)
	at org.apache.tomcat.util.threads.TaskThread$WrappingRunnable.run(TaskThread.java:61)
	at java.lang.Thread.run(Thread.java:748)
10-18 15:25:59.175 [INFO ] [StartupInfoLogger.java]logStarting(55) Starting ExcelLoaderApplication on DESKTOP-4A748NM with PID 8972 (C:\Users\Minee\IntelliJIDEAProjects\wendyProject\excel-loader\out\production\classes started by Minee in C:\Users\Minee\IntelliJIDEAProjects\wendyProject\excel-loader)
10-18 15:25:59.175 [INFO ] [SpringApplication.java]logStartupProfileInfo(651) No active profile set, falling back to default profiles: default
10-18 15:26:00.212 [INFO ] [TomcatWebServer.java]initialize(108) Tomcat initialized with port(s): 8080 (http)
10-18 15:26:00.222 [INFO ] [DirectJDKLog.java]log(173) Initializing ProtocolHandler ["http-nio-8080"]
10-18 15:26:00.222 [INFO ] [DirectJDKLog.java]log(173) Starting service [Tomcat]
10-18 15:26:00.222 [INFO ] [DirectJDKLog.java]log(173) Starting Servlet engine: [Apache Tomcat/9.0.38]
10-18 15:26:00.340 [INFO ] [DirectJDKLog.java]log(173) Initializing Spring embedded WebApplicationContext
10-18 15:26:00.340 [INFO ] [ServletWebServerApplicationContext.java]prepareWebApplicationContext(285) Root WebApplicationContext: initialization completed in 1087 ms
10-18 15:26:00.541 [INFO ] [ExecutorConfigurationSupport.java]initialize(181) Initializing ExecutorService 'applicationTaskExecutor'
10-18 15:26:00.603 [INFO ] [WelcomePageHandlerMapping.java]<init>(54) Adding welcome page: class path resource [static/index.html]
10-18 15:26:00.672 [INFO ] [DirectJDKLog.java]log(173) Starting ProtocolHandler ["http-nio-8080"]
10-18 15:26:00.688 [INFO ] [TomcatWebServer.java]start(220) Tomcat started on port(s): 8080 (http) with context path ''
10-18 15:26:00.704 [INFO ] [StartupInfoLogger.java]logStarted(61) Started ExcelLoaderApplication in 2.191 seconds (JVM running for 3.835)
10-18 15:26:04.004 [INFO ] [DirectJDKLog.java]log(173) Initializing Spring DispatcherServlet 'dispatcherServlet'
10-18 15:26:04.004 [INFO ] [FrameworkServlet.java]initServletBean(525) Initializing Servlet 'dispatcherServlet'
10-18 15:26:04.011 [INFO ] [FrameworkServlet.java]initServletBean(547) Completed initialization in 6 ms
10-18 15:26:05.591 [WARN ] [Interpreter.java]unknownVariable(329) ![0,13]: 'alarmHostList;' undefined variable alarmHostList
10-18 15:26:05.592 [WARN ] [Interpreter.java]unknownVariable(329) ![0,13]: 'alarmHostList;' undefined variable alarmHostList
10-18 15:26:05.603 [ERROR] [DirectJDKLog.java]log(175) Servlet.service() for servlet [dispatcherServlet] in context with path [] threw exception [Request processing failed; nested exception is java.lang.RuntimeException: Can't parse an expression alarmHostList] with root cause
java.lang.NullPointerException: null
	at net.sf.jxls.tag.ForEachTag.parseItemsProperty(ForEachTag.java:135)
	at net.sf.jxls.tag.ForEachTag.init(ForEachTag.java:101)
	at net.sf.jxls.parser.CellParser.parseTag(CellParser.java:300)
	at net.sf.jxls.parser.CellParser.parseCellValue(CellParser.java:202)
	at net.sf.jxls.parser.CellParser.parseCell(CellParser.java:56)
	at net.sf.jxls.transformer.SheetTransformer.parseCells(SheetTransformer.java:204)
	at net.sf.jxls.transformer.SheetTransformer.parseRow(SheetTransformer.java:275)
	at net.sf.jxls.transformer.SheetTransformer.transformSheet(SheetTransformer.java:80)
	at net.sf.jxls.transformer.XLSTransformer.transformWorkbook(XLSTransformer.java:248)
	at net.sf.jxls.transformer.XLSTransformer.transformXLS(XLSTransformer.java:221)
	at net.sf.jxls.transformer.XLSTransformer.transformXLS(XLSTransformer.java:201)
	at com.wendy.excelloader.service.ExcelServiceImpl.createExcel(ExcelServiceImpl.java:31)
	at com.wendy.excelloader.controller.ExcelController.createExcel(ExcelController.java:21)
	at sun.reflect.NativeMethodAccessorImpl.invoke0(Native Method)
	at sun.reflect.NativeMethodAccessorImpl.invoke(NativeMethodAccessorImpl.java:62)
	at sun.reflect.DelegatingMethodAccessorImpl.invoke(DelegatingMethodAccessorImpl.java:43)
	at java.lang.reflect.Method.invoke(Method.java:498)
	at org.springframework.web.method.support.InvocableHandlerMethod.doInvoke(InvocableHandlerMethod.java:190)
	at org.springframework.web.method.support.InvocableHandlerMethod.invokeForRequest(InvocableHandlerMethod.java:138)
	at org.springframework.web.servlet.mvc.method.annotation.ServletInvocableHandlerMethod.invokeAndHandle(ServletInvocableHandlerMethod.java:105)
	at org.springframework.web.servlet.mvc.method.annotation.RequestMappingHandlerAdapter.invokeHandlerMethod(RequestMappingHandlerAdapter.java:878)
	at org.springframework.web.servlet.mvc.method.annotation.RequestMappingHandlerAdapter.handleInternal(RequestMappingHandlerAdapter.java:792)
	at org.springframework.web.servlet.mvc.method.AbstractHandlerMethodAdapter.handle(AbstractHandlerMethodAdapter.java:87)
	at org.springframework.web.servlet.DispatcherServlet.doDispatch(DispatcherServlet.java:1040)
	at org.springframework.web.servlet.DispatcherServlet.doService(DispatcherServlet.java:943)
	at org.springframework.web.servlet.FrameworkServlet.processRequest(FrameworkServlet.java:1006)
	at org.springframework.web.servlet.FrameworkServlet.doGet(FrameworkServlet.java:898)
	at javax.servlet.http.HttpServlet.service(HttpServlet.java:626)
	at org.springframework.web.servlet.FrameworkServlet.service(FrameworkServlet.java:883)
	at javax.servlet.http.HttpServlet.service(HttpServlet.java:733)
	at org.apache.catalina.core.ApplicationFilterChain.internalDoFilter(ApplicationFilterChain.java:231)
	at org.apache.catalina.core.ApplicationFilterChain.doFilter(ApplicationFilterChain.java:166)
	at org.apache.tomcat.websocket.server.WsFilter.doFilter(WsFilter.java:53)
	at org.apache.catalina.core.ApplicationFilterChain.internalDoFilter(ApplicationFilterChain.java:193)
	at org.apache.catalina.core.ApplicationFilterChain.doFilter(ApplicationFilterChain.java:166)
	at org.springframework.web.filter.RequestContextFilter.doFilterInternal(RequestContextFilter.java:100)
	at org.springframework.web.filter.OncePerRequestFilter.doFilter(OncePerRequestFilter.java:119)
	at org.apache.catalina.core.ApplicationFilterChain.internalDoFilter(ApplicationFilterChain.java:193)
	at org.apache.catalina.core.ApplicationFilterChain.doFilter(ApplicationFilterChain.java:166)
	at org.springframework.web.filter.FormContentFilter.doFilterInternal(FormContentFilter.java:93)
	at org.springframework.web.filter.OncePerRequestFilter.doFilter(OncePerRequestFilter.java:119)
	at org.apache.catalina.core.ApplicationFilterChain.internalDoFilter(ApplicationFilterChain.java:193)
	at org.apache.catalina.core.ApplicationFilterChain.doFilter(ApplicationFilterChain.java:166)
	at org.springframework.web.filter.CharacterEncodingFilter.doFilterInternal(CharacterEncodingFilter.java:201)
	at org.springframework.web.filter.OncePerRequestFilter.doFilter(OncePerRequestFilter.java:119)
	at org.apache.catalina.core.ApplicationFilterChain.internalDoFilter(ApplicationFilterChain.java:193)
	at org.apache.catalina.core.ApplicationFilterChain.doFilter(ApplicationFilterChain.java:166)
	at org.apache.catalina.core.StandardWrapperValve.invoke(StandardWrapperValve.java:202)
	at org.apache.catalina.core.StandardContextValve.invoke(StandardContextValve.java:97)
	at org.apache.catalina.authenticator.AuthenticatorBase.invoke(AuthenticatorBase.java:541)
	at org.apache.catalina.core.StandardHostValve.invoke(StandardHostValve.java:143)
	at org.apache.catalina.valves.ErrorReportValve.invoke(ErrorReportValve.java:92)
	at org.apache.catalina.core.StandardEngineValve.invoke(StandardEngineValve.java:78)
	at org.apache.catalina.connector.CoyoteAdapter.service(CoyoteAdapter.java:343)
	at org.apache.coyote.http11.Http11Processor.service(Http11Processor.java:374)
	at org.apache.coyote.AbstractProcessorLight.process(AbstractProcessorLight.java:65)
	at org.apache.coyote.AbstractProtocol$ConnectionHandler.process(AbstractProtocol.java:868)
	at org.apache.tomcat.util.net.NioEndpoint$SocketProcessor.doRun(NioEndpoint.java:1590)
	at org.apache.tomcat.util.net.SocketProcessorBase.run(SocketProcessorBase.java:49)
	at java.util.concurrent.ThreadPoolExecutor.runWorker(ThreadPoolExecutor.java:1149)
	at java.util.concurrent.ThreadPoolExecutor$Worker.run(ThreadPoolExecutor.java:624)
	at org.apache.tomcat.util.threads.TaskThread$WrappingRunnable.run(TaskThread.java:61)
	at java.lang.Thread.run(Thread.java:748)
